<?xml version="1.0" encoding="UTF-8"?>
<testsuite xmlns:xsi="http://www.w3.org/2001/XMLSchema-instance" xsi:noNamespaceSchemaLocation="https://maven.apache.org/surefire/maven-surefire-plugin/xsd/surefire-test-report-3.0.xsd" version="3.0" name="org.henry.bankingsystem.OnlineBankingSystemTests" time="6.418" tests="1" errors="0" skipped="0" failures="0">
  <properties>
    <property name="java.specification.version" value="21"/>
    <property name="sun.jnu.encoding" value="UTF-8"/>
    <property name="java.class.path" value="/Users/henry/Developer/GitHub/Online-BankingSystem/target/test-classes:/Users/henry/Developer/GitHub/Online-BankingSystem/target/classes:/Users/henry/.m2/repository/org/springframework/boot/spring-boot-starter-data-jpa/3.2.4/spring-boot-starter-data-jpa-3.2.4.jar:/Users/henry/.m2/repository/org/springframework/boot/spring-boot-starter-aop/3.2.4/spring-boot-starter-aop-3.2.4.jar:/Users/henry/.m2/repository/org/aspectj/aspectjweaver/1.9.21/aspectjweaver-1.9.21.jar:/Users/henry/.m2/repository/org/springframework/boot/spring-boot-starter-jdbc/3.2.4/spring-boot-starter-jdbc-3.2.4.jar:/Users/henry/.m2/repository/com/zaxxer/HikariCP/5.0.1/HikariCP-5.0.1.jar:/Users/henry/.m2/repository/org/springframework/spring-jdbc/6.1.5/spring-jdbc-6.1.5.jar:/Users/henry/.m2/repository/org/hibernate/orm/hibernate-core/6.4.4.Final/hibernate-core-6.4.4.Final.jar:/Users/henry/.m2/repository/jakarta/persistence/jakarta.persistence-api/3.1.0/jakarta.persistence-api-3.1.0.jar:/Users/henry/.m2/repository/jakarta/transaction/jakarta.transaction-api/2.0.1/jakarta.transaction-api-2.0.1.jar:/Users/henry/.m2/repository/org/hibernate/common/hibernate-commons-annotations/6.0.6.Final/hibernate-commons-annotations-6.0.6.Final.jar:/Users/henry/.m2/repository/io/smallrye/jandex/3.1.2/jandex-3.1.2.jar:/Users/henry/.m2/repository/org/glassfish/jaxb/jaxb-runtime/4.0.5/jaxb-runtime-4.0.5.jar:/Users/henry/.m2/repository/org/glassfish/jaxb/jaxb-core/4.0.5/jaxb-core-4.0.5.jar:/Users/henry/.m2/repository/org/glassfish/jaxb/txw2/4.0.5/txw2-4.0.5.jar:/Users/henry/.m2/repository/com/sun/istack/istack-commons-runtime/4.1.2/istack-commons-runtime-4.1.2.jar:/Users/henry/.m2/repository/jakarta/inject/jakarta.inject-api/2.0.1/jakarta.inject-api-2.0.1.jar:/Users/henry/.m2/repository/org/antlr/antlr4-runtime/4.13.0/antlr4-runtime-4.13.0.jar:/Users/henry/.m2/repository/org/springframework/data/spring-data-jpa/3.2.4/spring-data-jpa-3.2.4.jar:/Users/henry/.m2/repository/org/springframework/data/spring-data-commons/3.2.4/spring-data-commons-3.2.4.jar:/Users/henry/.m2/repository/org/springframework/spring-orm/6.1.5/spring-orm-6.1.5.jar:/Users/henry/.m2/repository/org/springframework/spring-tx/6.1.5/spring-tx-6.1.5.jar:/Users/henry/.m2/repository/jakarta/annotation/jakarta.annotation-api/2.1.1/jakarta.annotation-api-2.1.1.jar:/Users/henry/.m2/repository/org/springframework/spring-aspects/6.1.5/spring-aspects-6.1.5.jar:/Users/henry/.m2/repository/org/springframework/boot/spring-boot-starter-security/3.2.4/spring-boot-starter-security-3.2.4.jar:/Users/henry/.m2/repository/org/springframework/boot/spring-boot-starter/3.2.4/spring-boot-starter-3.2.4.jar:/Users/henry/.m2/repository/org/springframework/boot/spring-boot/3.2.4/spring-boot-3.2.4.jar:/Users/henry/.m2/repository/org/springframework/boot/spring-boot-autoconfigure/3.2.4/spring-boot-autoconfigure-3.2.4.jar:/Users/henry/.m2/repository/org/springframework/boot/spring-boot-starter-logging/3.2.4/spring-boot-starter-logging-3.2.4.jar:/Users/henry/.m2/repository/ch/qos/logback/logback-classic/1.4.14/logback-classic-1.4.14.jar:/Users/henry/.m2/repository/ch/qos/logback/logback-core/1.4.14/logback-core-1.4.14.jar:/Users/henry/.m2/repository/org/apache/logging/log4j/log4j-to-slf4j/2.21.1/log4j-to-slf4j-2.21.1.jar:/Users/henry/.m2/repository/org/apache/logging/log4j/log4j-api/2.21.1/log4j-api-2.21.1.jar:/Users/henry/.m2/repository/org/slf4j/jul-to-slf4j/2.0.12/jul-to-slf4j-2.0.12.jar:/Users/henry/.m2/repository/org/yaml/snakeyaml/2.2/snakeyaml-2.2.jar:/Users/henry/.m2/repository/org/springframework/spring-aop/6.1.5/spring-aop-6.1.5.jar:/Users/henry/.m2/repository/org/springframework/security/spring-security-config/6.2.3/spring-security-config-6.2.3.jar:/Users/henry/.m2/repository/org/springframework/security/spring-security-web/6.2.3/spring-security-web-6.2.3.jar:/Users/henry/.m2/repository/org/springframework/boot/spring-boot-starter-web/3.2.4/spring-boot-starter-web-3.2.4.jar:/Users/henry/.m2/repository/org/springframework/boot/spring-boot-starter-json/3.2.4/spring-boot-starter-json-3.2.4.jar:/Users/henry/.m2/repository/com/fasterxml/jackson/datatype/jackson-datatype-jdk8/2.15.4/jackson-datatype-jdk8-2.15.4.jar:/Users/henry/.m2/repository/com/fasterxml/jackson/datatype/jackson-datatype-jsr310/2.15.4/jackson-datatype-jsr310-2.15.4.jar:/Users/henry/.m2/repository/com/fasterxml/jackson/module/jackson-module-parameter-names/2.15.4/jackson-module-parameter-names-2.15.4.jar:/Users/henry/.m2/repository/org/springframework/boot/spring-boot-starter-tomcat/3.2.4/spring-boot-starter-tomcat-3.2.4.jar:/Users/henry/.m2/repository/org/apache/tomcat/embed/tomcat-embed-core/10.1.19/tomcat-embed-core-10.1.19.jar:/Users/henry/.m2/repository/org/apache/tomcat/embed/tomcat-embed-el/10.1.19/tomcat-embed-el-10.1.19.jar:/Users/henry/.m2/repository/org/apache/tomcat/embed/tomcat-embed-websocket/10.1.19/tomcat-embed-websocket-10.1.19.jar:/Users/henry/.m2/repository/org/springframework/spring-web/6.1.5/spring-web-6.1.5.jar:/Users/henry/.m2/repository/org/springframework/spring-webmvc/6.1.5/spring-webmvc-6.1.5.jar:/Users/henry/.m2/repository/com/mysql/mysql-connector-j/8.3.0/mysql-connector-j-8.3.0.jar:/Users/henry/.m2/repository/org/assertj/assertj-core/3.25.3/assertj-core-3.25.3.jar:/Users/henry/.m2/repository/net/bytebuddy/byte-buddy/1.14.12/byte-buddy-1.14.12.jar:/Users/henry/.m2/repository/org/projectlombok/lombok/1.18.30/lombok-1.18.30.jar:/Users/henry/.m2/repository/org/springframework/boot/spring-boot-starter-test/3.2.4/spring-boot-starter-test-3.2.4.jar:/Users/henry/.m2/repository/org/springframework/boot/spring-boot-test/3.2.4/spring-boot-test-3.2.4.jar:/Users/henry/.m2/repository/org/springframework/boot/spring-boot-test-autoconfigure/3.2.4/spring-boot-test-autoconfigure-3.2.4.jar:/Users/henry/.m2/repository/com/jayway/jsonpath/json-path/2.9.0/json-path-2.9.0.jar:/Users/henry/.m2/repository/jakarta/xml/bind/jakarta.xml.bind-api/4.0.2/jakarta.xml.bind-api-4.0.2.jar:/Users/henry/.m2/repository/net/minidev/json-smart/2.5.0/json-smart-2.5.0.jar:/Users/henry/.m2/repository/net/minidev/accessors-smart/2.5.0/accessors-smart-2.5.0.jar:/Users/henry/.m2/repository/org/ow2/asm/asm/9.3/asm-9.3.jar:/Users/henry/.m2/repository/org/awaitility/awaitility/4.2.0/awaitility-4.2.0.jar:/Users/henry/.m2/repository/org/hamcrest/hamcrest/2.2/hamcrest-2.2.jar:/Users/henry/.m2/repository/org/junit/jupiter/junit-jupiter/5.10.2/junit-jupiter-5.10.2.jar:/Users/henry/.m2/repository/org/junit/jupiter/junit-jupiter-api/5.10.2/junit-jupiter-api-5.10.2.jar:/Users/henry/.m2/repository/org/opentest4j/opentest4j/1.3.0/opentest4j-1.3.0.jar:/Users/henry/.m2/repository/org/junit/platform/junit-platform-commons/1.10.2/junit-platform-commons-1.10.2.jar:/Users/henry/.m2/repository/org/apiguardian/apiguardian-api/1.1.2/apiguardian-api-1.1.2.jar:/Users/henry/.m2/repository/org/junit/jupiter/junit-jupiter-params/5.10.2/junit-jupiter-params-5.10.2.jar:/Users/henry/.m2/repository/org/junit/jupiter/junit-jupiter-engine/5.10.2/junit-jupiter-engine-5.10.2.jar:/Users/henry/.m2/repository/org/junit/platform/junit-platform-engine/1.10.2/junit-platform-engine-1.10.2.jar:/Users/henry/.m2/repository/org/mockito/mockito-core/5.7.0/mockito-core-5.7.0.jar:/Users/henry/.m2/repository/net/bytebuddy/byte-buddy-agent/1.14.12/byte-buddy-agent-1.14.12.jar:/Users/henry/.m2/repository/org/objenesis/objenesis/3.3/objenesis-3.3.jar:/Users/henry/.m2/repository/org/mockito/mockito-junit-jupiter/5.7.0/mockito-junit-jupiter-5.7.0.jar:/Users/henry/.m2/repository/org/skyscreamer/jsonassert/1.5.1/jsonassert-1.5.1.jar:/Users/henry/.m2/repository/com/vaadin/external/google/android-json/0.0.20131108.vaadin1/android-json-0.0.20131108.vaadin1.jar:/Users/henry/.m2/repository/org/springframework/spring-core/6.1.5/spring-core-6.1.5.jar:/Users/henry/.m2/repository/org/springframework/spring-jcl/6.1.5/spring-jcl-6.1.5.jar:/Users/henry/.m2/repository/org/springframework/spring-test/6.1.5/spring-test-6.1.5.jar:/Users/henry/.m2/repository/org/xmlunit/xmlunit-core/2.9.1/xmlunit-core-2.9.1.jar:/Users/henry/.m2/repository/jakarta/validation/jakarta.validation-api/3.1.0/jakarta.validation-api-3.1.0.jar:/Users/henry/.m2/repository/org/hibernate/validator/hibernate-validator/7.0.4.Final/hibernate-validator-7.0.4.Final.jar:/Users/henry/.m2/repository/org/jboss/logging/jboss-logging/3.5.3.Final/jboss-logging-3.5.3.Final.jar:/Users/henry/.m2/repository/com/fasterxml/classmate/1.6.0/classmate-1.6.0.jar:/Users/henry/.m2/repository/org/springframework/boot/spring-boot-starter-mail/3.3.2/spring-boot-starter-mail-3.3.2.jar:/Users/henry/.m2/repository/org/springframework/spring-context-support/6.1.5/spring-context-support-6.1.5.jar:/Users/henry/.m2/repository/org/eclipse/angus/jakarta.mail/2.0.3/jakarta.mail-2.0.3.jar:/Users/henry/.m2/repository/org/eclipse/angus/angus-activation/2.0.2/angus-activation-2.0.2.jar:/Users/henry/.m2/repository/jakarta/mail/jakarta.mail-api/2.1.3/jakarta.mail-api-2.1.3.jar:/Users/henry/.m2/repository/jakarta/activation/jakarta.activation-api/2.1.3/jakarta.activation-api-2.1.3.jar:/Users/henry/.m2/repository/org/thymeleaf/thymeleaf/3.1.2.RELEASE/thymeleaf-3.1.2.RELEASE.jar:/Users/henry/.m2/repository/ognl/ognl/3.3.4/ognl-3.3.4.jar:/Users/henry/.m2/repository/org/javassist/javassist/3.29.0-GA/javassist-3.29.0-GA.jar:/Users/henry/.m2/repository/org/attoparser/attoparser/2.0.7.RELEASE/attoparser-2.0.7.RELEASE.jar:/Users/henry/.m2/repository/org/unbescape/unbescape/1.1.6.RELEASE/unbescape-1.1.6.RELEASE.jar:/Users/henry/.m2/repository/org/slf4j/slf4j-api/2.0.12/slf4j-api-2.0.12.jar:/Users/henry/.m2/repository/org/thymeleaf/thymeleaf-spring5/3.1.2.RELEASE/thymeleaf-spring5-3.1.2.RELEASE.jar:/Users/henry/.m2/repository/org/springframework/boot/spring-boot-starter-thymeleaf/2.5.6/spring-boot-starter-thymeleaf-2.5.6.jar:/Users/henry/.m2/repository/org/thymeleaf/extras/thymeleaf-extras-java8time/3.0.4.RELEASE/thymeleaf-extras-java8time-3.0.4.RELEASE.jar:/Users/henry/.m2/repository/org/springframework/security/spring-security-core/6.2.4/spring-security-core-6.2.4.jar:/Users/henry/.m2/repository/org/springframework/security/spring-security-crypto/6.2.3/spring-security-crypto-6.2.3.jar:/Users/henry/.m2/repository/org/springframework/spring-beans/6.1.5/spring-beans-6.1.5.jar:/Users/henry/.m2/repository/org/springframework/spring-context/6.1.5/spring-context-6.1.5.jar:/Users/henry/.m2/repository/org/springframework/spring-expression/6.1.5/spring-expression-6.1.5.jar:/Users/henry/.m2/repository/io/micrometer/micrometer-observation/1.12.4/micrometer-observation-1.12.4.jar:/Users/henry/.m2/repository/io/micrometer/micrometer-commons/1.12.4/micrometer-commons-1.12.4.jar:/Users/henry/.m2/repository/org/springframework/security/spring-security-test/6.2.3/spring-security-test-6.2.3.jar:/Users/henry/.m2/repository/io/jsonwebtoken/jjwt-impl/0.12.5/jjwt-impl-0.12.5.jar:/Users/henry/.m2/repository/io/jsonwebtoken/jjwt-api/0.12.5/jjwt-api-0.12.5.jar:/Users/henry/.m2/repository/io/jsonwebtoken/jjwt-jackson/0.12.6/jjwt-jackson-0.12.6.jar:/Users/henry/.m2/repository/com/fasterxml/jackson/core/jackson-databind/2.15.4/jackson-databind-2.15.4.jar:/Users/henry/.m2/repository/com/fasterxml/jackson/core/jackson-annotations/2.15.4/jackson-annotations-2.15.4.jar:/Users/henry/.m2/repository/com/fasterxml/jackson/core/jackson-core/2.15.4/jackson-core-2.15.4.jar:/Users/henry/.m2/repository/javax/mail/mail/1.5.0-b01/mail-1.5.0-b01.jar:/Users/henry/.m2/repository/javax/activation/activation/1.1/activation-1.1.jar:/Users/henry/.m2/repository/org/apache/commons/commons-lang3/3.0/commons-lang3-3.0.jar:/Users/henry/.m2/repository/com/h2database/h2/2.2.224/h2-2.2.224.jar:/Users/henry/.m2/repository/org/jetbrains/annotations/24.1.0/annotations-24.1.0.jar:/Users/henry/.m2/repository/junit/junit/4.13.2/junit-4.13.2.jar:/Users/henry/.m2/repository/org/hamcrest/hamcrest-core/2.2/hamcrest-core-2.2.jar:/Users/henry/.m2/repository/org/testcontainers/mysql/1.19.7/mysql-1.19.7.jar:/Users/henry/.m2/repository/org/testcontainers/jdbc/1.19.7/jdbc-1.19.7.jar:/Users/henry/.m2/repository/org/testcontainers/database-commons/1.19.7/database-commons-1.19.7.jar:/Users/henry/.m2/repository/org/testcontainers/junit-jupiter/1.19.7/junit-jupiter-1.19.7.jar:/Users/henry/.m2/repository/org/testcontainers/testcontainers/1.19.7/testcontainers-1.19.7.jar:/Users/henry/.m2/repository/org/apache/commons/commons-compress/1.24.0/commons-compress-1.24.0.jar:/Users/henry/.m2/repository/org/rnorth/duct-tape/duct-tape/1.0.8/duct-tape-1.0.8.jar:/Users/henry/.m2/repository/com/github/docker-java/docker-java-api/3.3.6/docker-java-api-3.3.6.jar:/Users/henry/.m2/repository/com/github/docker-java/docker-java-transport-zerodep/3.3.6/docker-java-transport-zerodep-3.3.6.jar:/Users/henry/.m2/repository/com/github/docker-java/docker-java-transport/3.3.6/docker-java-transport-3.3.6.jar:/Users/henry/.m2/repository/net/java/dev/jna/jna/5.13.0/jna-5.13.0.jar:"/>
    <property name="java.vm.vendor" value="Oracle Corporation"/>
    <property name="sun.arch.data.model" value="64"/>
    <property name="java.vendor.url" value="https://java.oracle.com/"/>
    <property name="user.timezone" value="Africa/Lagos"/>
    <property name="org.jboss.logging.provider" value="slf4j"/>
    <property name="os.name" value="Mac OS X"/>
    <property name="java.vm.specification.version" value="21"/>
    <property name="user.country" value="NG"/>
    <property name="sun.java.launcher" value="SUN_STANDARD"/>
    <property name="sun.boot.library.path" value="/Users/henry/Library/Java/JavaVirtualMachines/openjdk-21/Contents/Home/lib"/>
    <property name="sun.java.command" value="/Users/henry/Developer/GitHub/Online-BankingSystem/target/surefire/surefirebooter-20240911144249180_3.jar /Users/henry/Developer/GitHub/Online-BankingSystem/target/surefire 2024-09-11T14-42-49_063-jvmRun1 surefire-20240911144249180_1tmp surefire_0-20240911144249180_2tmp"/>
    <property name="http.nonProxyHosts" value="local|*.local|169.254/16|*.169.254/16"/>
    <property name="jdk.debug" value="release"/>
    <property name="surefire.test.class.path" value="/Users/henry/Developer/GitHub/Online-BankingSystem/target/test-classes:/Users/henry/Developer/GitHub/Online-BankingSystem/target/classes:/Users/henry/.m2/repository/org/springframework/boot/spring-boot-starter-data-jpa/3.2.4/spring-boot-starter-data-jpa-3.2.4.jar:/Users/henry/.m2/repository/org/springframework/boot/spring-boot-starter-aop/3.2.4/spring-boot-starter-aop-3.2.4.jar:/Users/henry/.m2/repository/org/aspectj/aspectjweaver/1.9.21/aspectjweaver-1.9.21.jar:/Users/henry/.m2/repository/org/springframework/boot/spring-boot-starter-jdbc/3.2.4/spring-boot-starter-jdbc-3.2.4.jar:/Users/henry/.m2/repository/com/zaxxer/HikariCP/5.0.1/HikariCP-5.0.1.jar:/Users/henry/.m2/repository/org/springframework/spring-jdbc/6.1.5/spring-jdbc-6.1.5.jar:/Users/henry/.m2/repository/org/hibernate/orm/hibernate-core/6.4.4.Final/hibernate-core-6.4.4.Final.jar:/Users/henry/.m2/repository/jakarta/persistence/jakarta.persistence-api/3.1.0/jakarta.persistence-api-3.1.0.jar:/Users/henry/.m2/repository/jakarta/transaction/jakarta.transaction-api/2.0.1/jakarta.transaction-api-2.0.1.jar:/Users/henry/.m2/repository/org/hibernate/common/hibernate-commons-annotations/6.0.6.Final/hibernate-commons-annotations-6.0.6.Final.jar:/Users/henry/.m2/repository/io/smallrye/jandex/3.1.2/jandex-3.1.2.jar:/Users/henry/.m2/repository/org/glassfish/jaxb/jaxb-runtime/4.0.5/jaxb-runtime-4.0.5.jar:/Users/henry/.m2/repository/org/glassfish/jaxb/jaxb-core/4.0.5/jaxb-core-4.0.5.jar:/Users/henry/.m2/repository/org/glassfish/jaxb/txw2/4.0.5/txw2-4.0.5.jar:/Users/henry/.m2/repository/com/sun/istack/istack-commons-runtime/4.1.2/istack-commons-runtime-4.1.2.jar:/Users/henry/.m2/repository/jakarta/inject/jakarta.inject-api/2.0.1/jakarta.inject-api-2.0.1.jar:/Users/henry/.m2/repository/org/antlr/antlr4-runtime/4.13.0/antlr4-runtime-4.13.0.jar:/Users/henry/.m2/repository/org/springframework/data/spring-data-jpa/3.2.4/spring-data-jpa-3.2.4.jar:/Users/henry/.m2/repository/org/springframework/data/spring-data-commons/3.2.4/spring-data-commons-3.2.4.jar:/Users/henry/.m2/repository/org/springframework/spring-orm/6.1.5/spring-orm-6.1.5.jar:/Users/henry/.m2/repository/org/springframework/spring-tx/6.1.5/spring-tx-6.1.5.jar:/Users/henry/.m2/repository/jakarta/annotation/jakarta.annotation-api/2.1.1/jakarta.annotation-api-2.1.1.jar:/Users/henry/.m2/repository/org/springframework/spring-aspects/6.1.5/spring-aspects-6.1.5.jar:/Users/henry/.m2/repository/org/springframework/boot/spring-boot-starter-security/3.2.4/spring-boot-starter-security-3.2.4.jar:/Users/henry/.m2/repository/org/springframework/boot/spring-boot-starter/3.2.4/spring-boot-starter-3.2.4.jar:/Users/henry/.m2/repository/org/springframework/boot/spring-boot/3.2.4/spring-boot-3.2.4.jar:/Users/henry/.m2/repository/org/springframework/boot/spring-boot-autoconfigure/3.2.4/spring-boot-autoconfigure-3.2.4.jar:/Users/henry/.m2/repository/org/springframework/boot/spring-boot-starter-logging/3.2.4/spring-boot-starter-logging-3.2.4.jar:/Users/henry/.m2/repository/ch/qos/logback/logback-classic/1.4.14/logback-classic-1.4.14.jar:/Users/henry/.m2/repository/ch/qos/logback/logback-core/1.4.14/logback-core-1.4.14.jar:/Users/henry/.m2/repository/org/apache/logging/log4j/log4j-to-slf4j/2.21.1/log4j-to-slf4j-2.21.1.jar:/Users/henry/.m2/repository/org/apache/logging/log4j/log4j-api/2.21.1/log4j-api-2.21.1.jar:/Users/henry/.m2/repository/org/slf4j/jul-to-slf4j/2.0.12/jul-to-slf4j-2.0.12.jar:/Users/henry/.m2/repository/org/yaml/snakeyaml/2.2/snakeyaml-2.2.jar:/Users/henry/.m2/repository/org/springframework/spring-aop/6.1.5/spring-aop-6.1.5.jar:/Users/henry/.m2/repository/org/springframework/security/spring-security-config/6.2.3/spring-security-config-6.2.3.jar:/Users/henry/.m2/repository/org/springframework/security/spring-security-web/6.2.3/spring-security-web-6.2.3.jar:/Users/henry/.m2/repository/org/springframework/boot/spring-boot-starter-web/3.2.4/spring-boot-starter-web-3.2.4.jar:/Users/henry/.m2/repository/org/springframework/boot/spring-boot-starter-json/3.2.4/spring-boot-starter-json-3.2.4.jar:/Users/henry/.m2/repository/com/fasterxml/jackson/datatype/jackson-datatype-jdk8/2.15.4/jackson-datatype-jdk8-2.15.4.jar:/Users/henry/.m2/repository/com/fasterxml/jackson/datatype/jackson-datatype-jsr310/2.15.4/jackson-datatype-jsr310-2.15.4.jar:/Users/henry/.m2/repository/com/fasterxml/jackson/module/jackson-module-parameter-names/2.15.4/jackson-module-parameter-names-2.15.4.jar:/Users/henry/.m2/repository/org/springframework/boot/spring-boot-starter-tomcat/3.2.4/spring-boot-starter-tomcat-3.2.4.jar:/Users/henry/.m2/repository/org/apache/tomcat/embed/tomcat-embed-core/10.1.19/tomcat-embed-core-10.1.19.jar:/Users/henry/.m2/repository/org/apache/tomcat/embed/tomcat-embed-el/10.1.19/tomcat-embed-el-10.1.19.jar:/Users/henry/.m2/repository/org/apache/tomcat/embed/tomcat-embed-websocket/10.1.19/tomcat-embed-websocket-10.1.19.jar:/Users/henry/.m2/repository/org/springframework/spring-web/6.1.5/spring-web-6.1.5.jar:/Users/henry/.m2/repository/org/springframework/spring-webmvc/6.1.5/spring-webmvc-6.1.5.jar:/Users/henry/.m2/repository/com/mysql/mysql-connector-j/8.3.0/mysql-connector-j-8.3.0.jar:/Users/henry/.m2/repository/org/assertj/assertj-core/3.25.3/assertj-core-3.25.3.jar:/Users/henry/.m2/repository/net/bytebuddy/byte-buddy/1.14.12/byte-buddy-1.14.12.jar:/Users/henry/.m2/repository/org/projectlombok/lombok/1.18.30/lombok-1.18.30.jar:/Users/henry/.m2/repository/org/springframework/boot/spring-boot-starter-test/3.2.4/spring-boot-starter-test-3.2.4.jar:/Users/henry/.m2/repository/org/springframework/boot/spring-boot-test/3.2.4/spring-boot-test-3.2.4.jar:/Users/henry/.m2/repository/org/springframework/boot/spring-boot-test-autoconfigure/3.2.4/spring-boot-test-autoconfigure-3.2.4.jar:/Users/henry/.m2/repository/com/jayway/jsonpath/json-path/2.9.0/json-path-2.9.0.jar:/Users/henry/.m2/repository/jakarta/xml/bind/jakarta.xml.bind-api/4.0.2/jakarta.xml.bind-api-4.0.2.jar:/Users/henry/.m2/repository/net/minidev/json-smart/2.5.0/json-smart-2.5.0.jar:/Users/henry/.m2/repository/net/minidev/accessors-smart/2.5.0/accessors-smart-2.5.0.jar:/Users/henry/.m2/repository/org/ow2/asm/asm/9.3/asm-9.3.jar:/Users/henry/.m2/repository/org/awaitility/awaitility/4.2.0/awaitility-4.2.0.jar:/Users/henry/.m2/repository/org/hamcrest/hamcrest/2.2/hamcrest-2.2.jar:/Users/henry/.m2/repository/org/junit/jupiter/junit-jupiter/5.10.2/junit-jupiter-5.10.2.jar:/Users/henry/.m2/repository/org/junit/jupiter/junit-jupiter-api/5.10.2/junit-jupiter-api-5.10.2.jar:/Users/henry/.m2/repository/org/opentest4j/opentest4j/1.3.0/opentest4j-1.3.0.jar:/Users/henry/.m2/repository/org/junit/platform/junit-platform-commons/1.10.2/junit-platform-commons-1.10.2.jar:/Users/henry/.m2/repository/org/apiguardian/apiguardian-api/1.1.2/apiguardian-api-1.1.2.jar:/Users/henry/.m2/repository/org/junit/jupiter/junit-jupiter-params/5.10.2/junit-jupiter-params-5.10.2.jar:/Users/henry/.m2/repository/org/junit/jupiter/junit-jupiter-engine/5.10.2/junit-jupiter-engine-5.10.2.jar:/Users/henry/.m2/repository/org/junit/platform/junit-platform-engine/1.10.2/junit-platform-engine-1.10.2.jar:/Users/henry/.m2/repository/org/mockito/mockito-core/5.7.0/mockito-core-5.7.0.jar:/Users/henry/.m2/repository/net/bytebuddy/byte-buddy-agent/1.14.12/byte-buddy-agent-1.14.12.jar:/Users/henry/.m2/repository/org/objenesis/objenesis/3.3/objenesis-3.3.jar:/Users/henry/.m2/repository/org/mockito/mockito-junit-jupiter/5.7.0/mockito-junit-jupiter-5.7.0.jar:/Users/henry/.m2/repository/org/skyscreamer/jsonassert/1.5.1/jsonassert-1.5.1.jar:/Users/henry/.m2/repository/com/vaadin/external/google/android-json/0.0.20131108.vaadin1/android-json-0.0.20131108.vaadin1.jar:/Users/henry/.m2/repository/org/springframework/spring-core/6.1.5/spring-core-6.1.5.jar:/Users/henry/.m2/repository/org/springframework/spring-jcl/6.1.5/spring-jcl-6.1.5.jar:/Users/henry/.m2/repository/org/springframework/spring-test/6.1.5/spring-test-6.1.5.jar:/Users/henry/.m2/repository/org/xmlunit/xmlunit-core/2.9.1/xmlunit-core-2.9.1.jar:/Users/henry/.m2/repository/jakarta/validation/jakarta.validation-api/3.1.0/jakarta.validation-api-3.1.0.jar:/Users/henry/.m2/repository/org/hibernate/validator/hibernate-validator/7.0.4.Final/hibernate-validator-7.0.4.Final.jar:/Users/henry/.m2/repository/org/jboss/logging/jboss-logging/3.5.3.Final/jboss-logging-3.5.3.Final.jar:/Users/henry/.m2/repository/com/fasterxml/classmate/1.6.0/classmate-1.6.0.jar:/Users/henry/.m2/repository/org/springframework/boot/spring-boot-starter-mail/3.3.2/spring-boot-starter-mail-3.3.2.jar:/Users/henry/.m2/repository/org/springframework/spring-context-support/6.1.5/spring-context-support-6.1.5.jar:/Users/henry/.m2/repository/org/eclipse/angus/jakarta.mail/2.0.3/jakarta.mail-2.0.3.jar:/Users/henry/.m2/repository/org/eclipse/angus/angus-activation/2.0.2/angus-activation-2.0.2.jar:/Users/henry/.m2/repository/jakarta/mail/jakarta.mail-api/2.1.3/jakarta.mail-api-2.1.3.jar:/Users/henry/.m2/repository/jakarta/activation/jakarta.activation-api/2.1.3/jakarta.activation-api-2.1.3.jar:/Users/henry/.m2/repository/org/thymeleaf/thymeleaf/3.1.2.RELEASE/thymeleaf-3.1.2.RELEASE.jar:/Users/henry/.m2/repository/ognl/ognl/3.3.4/ognl-3.3.4.jar:/Users/henry/.m2/repository/org/javassist/javassist/3.29.0-GA/javassist-3.29.0-GA.jar:/Users/henry/.m2/repository/org/attoparser/attoparser/2.0.7.RELEASE/attoparser-2.0.7.RELEASE.jar:/Users/henry/.m2/repository/org/unbescape/unbescape/1.1.6.RELEASE/unbescape-1.1.6.RELEASE.jar:/Users/henry/.m2/repository/org/slf4j/slf4j-api/2.0.12/slf4j-api-2.0.12.jar:/Users/henry/.m2/repository/org/thymeleaf/thymeleaf-spring5/3.1.2.RELEASE/thymeleaf-spring5-3.1.2.RELEASE.jar:/Users/henry/.m2/repository/org/springframework/boot/spring-boot-starter-thymeleaf/2.5.6/spring-boot-starter-thymeleaf-2.5.6.jar:/Users/henry/.m2/repository/org/thymeleaf/extras/thymeleaf-extras-java8time/3.0.4.RELEASE/thymeleaf-extras-java8time-3.0.4.RELEASE.jar:/Users/henry/.m2/repository/org/springframework/security/spring-security-core/6.2.4/spring-security-core-6.2.4.jar:/Users/henry/.m2/repository/org/springframework/security/spring-security-crypto/6.2.3/spring-security-crypto-6.2.3.jar:/Users/henry/.m2/repository/org/springframework/spring-beans/6.1.5/spring-beans-6.1.5.jar:/Users/henry/.m2/repository/org/springframework/spring-context/6.1.5/spring-context-6.1.5.jar:/Users/henry/.m2/repository/org/springframework/spring-expression/6.1.5/spring-expression-6.1.5.jar:/Users/henry/.m2/repository/io/micrometer/micrometer-observation/1.12.4/micrometer-observation-1.12.4.jar:/Users/henry/.m2/repository/io/micrometer/micrometer-commons/1.12.4/micrometer-commons-1.12.4.jar:/Users/henry/.m2/repository/org/springframework/security/spring-security-test/6.2.3/spring-security-test-6.2.3.jar:/Users/henry/.m2/repository/io/jsonwebtoken/jjwt-impl/0.12.5/jjwt-impl-0.12.5.jar:/Users/henry/.m2/repository/io/jsonwebtoken/jjwt-api/0.12.5/jjwt-api-0.12.5.jar:/Users/henry/.m2/repository/io/jsonwebtoken/jjwt-jackson/0.12.6/jjwt-jackson-0.12.6.jar:/Users/henry/.m2/repository/com/fasterxml/jackson/core/jackson-databind/2.15.4/jackson-databind-2.15.4.jar:/Users/henry/.m2/repository/com/fasterxml/jackson/core/jackson-annotations/2.15.4/jackson-annotations-2.15.4.jar:/Users/henry/.m2/repository/com/fasterxml/jackson/core/jackson-core/2.15.4/jackson-core-2.15.4.jar:/Users/henry/.m2/repository/javax/mail/mail/1.5.0-b01/mail-1.5.0-b01.jar:/Users/henry/.m2/repository/javax/activation/activation/1.1/activation-1.1.jar:/Users/henry/.m2/repository/org/apache/commons/commons-lang3/3.0/commons-lang3-3.0.jar:/Users/henry/.m2/repository/com/h2database/h2/2.2.224/h2-2.2.224.jar:/Users/henry/.m2/repository/org/jetbrains/annotations/24.1.0/annotations-24.1.0.jar:/Users/henry/.m2/repository/junit/junit/4.13.2/junit-4.13.2.jar:/Users/henry/.m2/repository/org/hamcrest/hamcrest-core/2.2/hamcrest-core-2.2.jar:/Users/henry/.m2/repository/org/testcontainers/mysql/1.19.7/mysql-1.19.7.jar:/Users/henry/.m2/repository/org/testcontainers/jdbc/1.19.7/jdbc-1.19.7.jar:/Users/henry/.m2/repository/org/testcontainers/database-commons/1.19.7/database-commons-1.19.7.jar:/Users/henry/.m2/repository/org/testcontainers/junit-jupiter/1.19.7/junit-jupiter-1.19.7.jar:/Users/henry/.m2/repository/org/testcontainers/testcontainers/1.19.7/testcontainers-1.19.7.jar:/Users/henry/.m2/repository/org/apache/commons/commons-compress/1.24.0/commons-compress-1.24.0.jar:/Users/henry/.m2/repository/org/rnorth/duct-tape/duct-tape/1.0.8/duct-tape-1.0.8.jar:/Users/henry/.m2/repository/com/github/docker-java/docker-java-api/3.3.6/docker-java-api-3.3.6.jar:/Users/henry/.m2/repository/com/github/docker-java/docker-java-transport-zerodep/3.3.6/docker-java-transport-zerodep-3.3.6.jar:/Users/henry/.m2/repository/com/github/docker-java/docker-java-transport/3.3.6/docker-java-transport-3.3.6.jar:/Users/henry/.m2/repository/net/java/dev/jna/jna/5.13.0/jna-5.13.0.jar:"/>
    <property name="sun.cpu.endian" value="little"/>
    <property name="user.home" value="/Users/henry"/>
    <property name="user.language" value="en"/>
    <property name="java.specification.vendor" value="Oracle Corporation"/>
    <property name="java.version.date" value="2023-09-19"/>
    <property name="java.home" value="/Users/henry/Library/Java/JavaVirtualMachines/openjdk-21/Contents/Home"/>
    <property name="file.separator" value="/"/>
    <property name="basedir" value="/Users/henry/Developer/GitHub/Online-BankingSystem"/>
    <property name="java.vm.compressedOopsMode" value="Zero based"/>
    <property name="line.separator" value="&#10;"/>
    <property name="java.vm.specification.vendor" value="Oracle Corporation"/>
    <property name="java.specification.name" value="Java Platform API Specification"/>
    <property name="FILE_LOG_CHARSET" value="UTF-8"/>
    <property name="java.awt.headless" value="true"/>
    <property name="apple.awt.application.name" value="ForkedBooter"/>
    <property name="surefire.real.class.path" value="/Users/henry/Developer/GitHub/Online-BankingSystem/target/surefire/surefirebooter-20240911144249180_3.jar"/>
    <property name="sun.management.compiler" value="HotSpot 64-Bit Tiered Compilers"/>
    <property name="ftp.nonProxyHosts" value="local|*.local|169.254/16|*.169.254/16"/>
    <property name="java.runtime.version" value="21+35-2513"/>
    <property name="user.name" value="henry"/>
    <property name="stdout.encoding" value="US-ASCII"/>
    <property name="path.separator" value=":"/>
    <property name="os.version" value="14.6.1"/>
    <property name="java.runtime.name" value="OpenJDK Runtime Environment"/>
    <property name="file.encoding" value="UTF-8"/>
    <property name="java.vm.name" value="OpenJDK 64-Bit Server VM"/>
    <property name="LOG_FILE" value="log/appLog.log"/>
    <property name="localRepository" value="/Users/henry/.m2/repository"/>
    <property name="java.vendor.url.bug" value="https://bugreport.java.com/bugreport/"/>
    <property name="java.io.tmpdir" value="/var/folders/q3/05c5zv09485d05_1hwn1km4c0000gn/T/"/>
    <property name="idea.version" value="2024.1"/>
    <property name="com.zaxxer.hikari.pool_number" value="1"/>
    <property name="java.version" value="21"/>
    <property name="user.dir" value="/Users/henry/Developer/GitHub/Online-BankingSystem"/>
    <property name="os.arch" value="x86_64"/>
    <property name="java.vm.specification.name" value="Java Virtual Machine Specification"/>
    <property name="PID" value="57290"/>
    <property name="CONSOLE_LOG_CHARSET" value="UTF-8"/>
    <property name="native.encoding" value="US-ASCII"/>
    <property name="java.library.path" value="/Users/henry/Library/Java/Extensions:/Library/Java/Extensions:/Network/Library/Java/Extensions:/System/Library/Java/Extensions:/usr/lib/java:."/>
    <property name="java.vm.info" value="mixed mode, sharing"/>
    <property name="stderr.encoding" value="US-ASCII"/>
    <property name="java.vendor" value="Oracle Corporation"/>
    <property name="java.vm.version" value="21+35-2513"/>
    <property name="sun.io.unicode.encoding" value="UnicodeBig"/>
    <property name="socksNonProxyHosts" value="local|*.local|169.254/16|*.169.254/16"/>
    <property name="java.class.version" value="65.0"/>
    <property name="LOGGED_APPLICATION_NAME" value="[OnlineBankingSystemP] "/>
  </properties>
  <testcase name="contextLoads" classname="org.henry.bankingsystem.OnlineBankingSystemTests" time="0.49">
    <system-out><![CDATA[14:42:49.961 [main] INFO org.springframework.test.context.support.AnnotationConfigContextLoaderUtils -- Could not detect default configuration classes for test class [org.henry.bankingsystem.OnlineBankingSystemTests]: OnlineBankingSystemTests does not declare any static, non-private, non-final, nested classes annotated with @Configuration.
14:42:50.075 [main] INFO org.springframework.boot.test.context.SpringBootTestContextBootstrapper -- Found @SpringBootConfiguration org.henry.bankingsystem.OnlineBankingSystem for test class org.henry.bankingsystem.OnlineBankingSystemTests

  .   ____          _            __ _ _
 /\\ / ___'_ __ _ _(_)_ __  __ _ \ \ \ \
( ( )\___ | '_ | '_| | '_ \/ _` | \ \ \ \
 \\/  ___)| |_)| | | | | || (_| |  ) ) ) )
  '  |____| .__|_| |_|_| |_\__, | / / / /
 =========|_|==============|___/=/_/_/_/
 :: Spring Boot ::                (v3.2.4)

2024-09-11T14:42:50.519+01:00  INFO 57290 --- [OnlineBankingSystemP] [           main] o.h.b.OnlineBankingSystemTests           : Starting OnlineBankingSystemTests using Java 21 with PID 57290 (started by henry in /Users/henry/Developer/GitHub/Online-BankingSystem)
2024-09-11T14:42:50.520+01:00  INFO 57290 --- [OnlineBankingSystemP] [           main] o.h.b.OnlineBankingSystemTests           : No active profile set, falling back to 1 default profile: "default"
2024-09-11T14:42:51.260+01:00  INFO 57290 --- [OnlineBankingSystemP] [           main] .s.d.r.c.RepositoryConfigurationDelegate : Bootstrapping Spring Data JPA repositories in DEFAULT mode.
2024-09-11T14:42:51.357+01:00  INFO 57290 --- [OnlineBankingSystemP] [           main] .s.d.r.c.RepositoryConfigurationDelegate : Finished Spring Data repository scanning in 89 ms. Found 7 JPA repository interfaces.
2024-09-11T14:42:51.891+01:00  INFO 57290 --- [OnlineBankingSystemP] [           main] o.hibernate.jpa.internal.util.LogHelper  : HHH000204: Processing PersistenceUnitInfo [name: default]
2024-09-11T14:42:51.945+01:00  INFO 57290 --- [OnlineBankingSystemP] [           main] org.hibernate.Version                    : HHH000412: Hibernate ORM core version 6.4.4.Final
2024-09-11T14:42:51.976+01:00  INFO 57290 --- [OnlineBankingSystemP] [           main] o.h.c.internal.RegionFactoryInitiator    : HHH000026: Second-level cache disabled
2024-09-11T14:42:52.263+01:00  INFO 57290 --- [OnlineBankingSystemP] [           main] o.s.o.j.p.SpringPersistenceUnitInfo      : No LoadTimeWeaver setup: ignoring JPA class transformer
2024-09-11T14:42:52.301+01:00  INFO 57290 --- [OnlineBankingSystemP] [           main] com.zaxxer.hikari.HikariDataSource       : HikariPool-1 - Starting...
2024-09-11T14:42:52.547+01:00  INFO 57290 --- [OnlineBankingSystemP] [           main] com.zaxxer.hikari.pool.HikariPool        : HikariPool-1 - Added connection conn0: url=jdbc:h2:mem:onlinebank user=SA
2024-09-11T14:42:52.549+01:00  INFO 57290 --- [OnlineBankingSystemP] [           main] com.zaxxer.hikari.HikariDataSource       : HikariPool-1 - Start completed.
2024-09-11T14:42:53.790+01:00  INFO 57290 --- [OnlineBankingSystemP] [           main] o.h.e.t.j.p.i.JtaPlatformInitiator       : HHH000489: No JTA platform available (set 'hibernate.transaction.jta.platform' to enable JTA platform integration)
Hibernate: create table accounts (account_id bigint generated by default as identity, account_balance numeric(38,2) not null, account_holder_name varchar(255) not null, account_number varchar(255) not null, account_type varchar(255) not null check (account_type in ('SAVINGS','CHECKING','FIXED_DEPOSIT','CURRENT')), currency_type varchar(255) not null check (currency_type in ('NGN','USD','EUR')), date_opened timestamp(6) with time zone not null, hashed_pin varchar(255) not null, interest_rate numeric(38,2), is_active boolean not null, last_transaction_date timestamp(6), transaction_limit numeric(38,2) not null, customer_id varchar(255) not null, primary key (account_id))
Hibernate: create table admins (admin_id varchar(255) not null, email varchar(255) not null, first_name varchar(255), last_name varchar(255), password varchar(60) not null, role varchar(255) check (role in ('IT_SUPPORT','CUSTOMER_SUPPORT','BANK_MANAGER','QA_TEAM')), username varchar(255), primary key (admin_id))
Hibernate: create table auth_token (id bigint generated by default as identity, access_token varchar(500) not null, expired boolean not null, refresh_token varchar(500) not null, revoked boolean not null, admin_id varchar(255), customer_id varchar(255), primary key (id))
Hibernate: create table cards (card_id bigint generated by default as identity, card_number varchar(255) not null, card_type varchar(255) not null check (card_type in ('DEBIT','CREDIT','PREPAID','VIRTUAL')), cvv varchar(255) not null, expiration_date timestamp(6) not null, is_active boolean not null, version bigint, account_id bigint not null, customer_id varchar(255) not null, primary key (card_id))
Hibernate: create table customers (customer_id varchar(255) not null, email varchar(255) not null, first_name varchar(255) not null, is_enabled boolean not null, is_suspended boolean not null, last_name varchar(255) not null, password varchar(60) not null, phone_number varchar(255) not null, username varchar(255) not null, primary key (customer_id))
Hibernate: create table one_time_password (id bigint generated by default as identity, expiration_time timestamp(6) with time zone not null, expires_duration varchar(255) not null, generated_time timestamp(6) with time zone not null, otp_code varchar(255) not null, verified boolean not null, customer_id varchar(255) not null, primary key (id))
Hibernate: create table transactions (transaction_id bigint generated by default as identity, amount numeric(38,2) not null, balance_after_transaction numeric(38,2) not null, balance_before_transaction numeric(38,2) not null, target_account_number varchar(255) not null, transaction_category varchar(255) not null check (transaction_category in ('DEBIT','CREDIT')), transaction_date varchar(255) not null, transaction_ref varchar(255) not null, transaction_type varchar(255) not null check (transaction_type in ('DEPOSIT','WITHDRAWAL','TRANSFER')), account_id bigint not null, user_id varchar(255) not null, primary key (transaction_id))
Hibernate: create table virtual_account (v_account_id varchar(255) not null, account_holder_name varchar(255) not null, account_number varchar(255) not null, account_reference varchar(255) not null, account_status varchar(255) not null, balance float(53) not null, bank_code varchar(255) not null, bank_name varchar(255) not null, created_at timestamp(6) with time zone not null, currency varchar(255) not null, unique_id varchar(255), customer_id varchar(255) not null, primary key (v_account_id))
Hibernate: alter table if exists accounts drop constraint if exists UK_6kplolsdtr3slnvx97xsy2kc8
Hibernate: alter table if exists accounts add constraint UK_6kplolsdtr3slnvx97xsy2kc8 unique (account_number)
Hibernate: alter table if exists admins drop constraint if exists UK_47bvqemyk6vlm0w7crc3opdd4
Hibernate: alter table if exists admins add constraint UK_47bvqemyk6vlm0w7crc3opdd4 unique (email)
Hibernate: alter table if exists auth_token drop constraint if exists UK_n6fv09x06ejsaowaqxkoiqayb
Hibernate: alter table if exists auth_token add constraint UK_n6fv09x06ejsaowaqxkoiqayb unique (access_token)
Hibernate: alter table if exists auth_token drop constraint if exists UK_4ykcglo3adb5kma4wjp2xsox8
Hibernate: alter table if exists auth_token add constraint UK_4ykcglo3adb5kma4wjp2xsox8 unique (refresh_token)
Hibernate: alter table if exists cards drop constraint if exists UK_qualp9iflk959u561wanavuj1
Hibernate: alter table if exists cards add constraint UK_qualp9iflk959u561wanavuj1 unique (card_number)
Hibernate: alter table if exists cards drop constraint if exists UK_e6a00sk447k3egsipmaao5kos
Hibernate: alter table if exists cards add constraint UK_e6a00sk447k3egsipmaao5kos unique (cvv)
Hibernate: alter table if exists customers drop constraint if exists UK_rfbvkrffamfql7cjmen8v976v
Hibernate: alter table if exists customers add constraint UK_rfbvkrffamfql7cjmen8v976v unique (email)
Hibernate: alter table if exists customers drop constraint if exists UK_6v6x92wb400iwh6unf5rwiim4
Hibernate: alter table if exists customers add constraint UK_6v6x92wb400iwh6unf5rwiim4 unique (phone_number)
Hibernate: alter table if exists customers drop constraint if exists UK_bepynu3b6l8k2ppuq6b33xfxc
Hibernate: alter table if exists customers add constraint UK_bepynu3b6l8k2ppuq6b33xfxc unique (username)
Hibernate: alter table if exists transactions drop constraint if exists UK_7ii4hpkuc8h5sccqt5wfky4na
Hibernate: alter table if exists transactions add constraint UK_7ii4hpkuc8h5sccqt5wfky4na unique (transaction_ref)
Hibernate: alter table if exists virtual_account drop constraint if exists UK_ea0ue8rgvqitgdwp5s2e5bkxi
Hibernate: alter table if exists virtual_account add constraint UK_ea0ue8rgvqitgdwp5s2e5bkxi unique (account_number)
Hibernate: alter table if exists accounts add constraint FKn6x8pdp50os8bq5rbb792upse foreign key (customer_id) references customers
Hibernate: alter table if exists auth_token add constraint FKgmwqc3h8xkmci5ucy6xhgy134 foreign key (admin_id) references admins
Hibernate: alter table if exists auth_token add constraint FKrhon4u9blh59bih3dcqdrgkuy foreign key (customer_id) references customers
Hibernate: alter table if exists cards add constraint FKdjw7dinkpc0f01yk4m57uq2u2 foreign key (account_id) references accounts
Hibernate: alter table if exists cards add constraint FK3ta7cnyyuv26sr3j2sxrr10bu foreign key (customer_id) references customers
Hibernate: alter table if exists one_time_password add constraint FKht0yinsrrsuc7ewna0ig8uk7p foreign key (customer_id) references customers
Hibernate: alter table if exists transactions add constraint FK20w7wsg13u9srbq3bd7chfxdh foreign key (account_id) references accounts
Hibernate: alter table if exists transactions add constraint FKqhc7t1s4lbgckne9w45tyiqb2 foreign key (user_id) references customers
Hibernate: alter table if exists virtual_account add constraint FKayan0ga5jtnx7a7je51w42v3h foreign key (customer_id) references customers
2024-09-11T14:42:53.888+01:00  INFO 57290 --- [OnlineBankingSystemP] [           main] j.LocalContainerEntityManagerFactoryBean : Initialized JPA EntityManagerFactory for persistence unit 'default'
2024-09-11T14:42:54.325+01:00  INFO 57290 --- [OnlineBankingSystemP] [           main] o.s.d.j.r.query.QueryEnhancerFactory     : Hibernate is in classpath; If applicable, HQL parser will be used.
2024-09-11T14:42:54.827+01:00  WARN 57290 --- [OnlineBankingSystemP] [           main] JpaBaseConfiguration$JpaWebConfiguration : spring.jpa.open-in-view is enabled by default. Therefore, database queries may be performed during view rendering. Explicitly configure spring.jpa.open-in-view to disable this warning
2024-09-11T14:42:55.414+01:00  INFO 57290 --- [OnlineBankingSystemP] [           main] o.s.s.web.DefaultSecurityFilterChain     : Will secure any request with [org.springframework.security.web.session.DisableEncodeUrlFilter@4c9bf90b, org.springframework.security.web.context.request.async.WebAsyncManagerIntegrationFilter@13485e82, org.springframework.security.web.context.SecurityContextHolderFilter@70921720, org.springframework.security.web.header.HeaderWriterFilter@50ea4eaa, org.springframework.web.filter.CorsFilter@336c4e3a, org.springframework.security.web.authentication.logout.LogoutFilter@c822a3, org.henry.bankingsystem.config.JwtSecurityFilter@3b3fa4c0, org.springframework.security.web.savedrequest.RequestCacheAwareFilter@74d242b5, org.springframework.security.web.servletapi.SecurityContextHolderAwareRequestFilter@5b60accd, org.springframework.security.web.authentication.AnonymousAuthenticationFilter@205c0b1a, org.springframework.security.web.session.SessionManagementFilter@32be0ebd, org.springframework.security.web.access.ExceptionTranslationFilter@61f26cba, org.springframework.security.web.access.intercept.AuthorizationFilter@11763e57]
2024-09-11T14:42:55.635+01:00  INFO 57290 --- [OnlineBankingSystemP] [           main] o.s.b.a.h2.H2ConsoleAutoConfiguration    : H2 console available at '/h2-console'. Database available at 'jdbc:h2:mem:onlinebank'
2024-09-11T14:42:55.702+01:00  INFO 57290 --- [OnlineBankingSystemP] [           main] o.h.b.OnlineBankingSystemTests           : Started OnlineBankingSystemTests in 5.503 seconds (process running for 6.439)
]]></system-out>
    <system-err><![CDATA[WARNING: A Java agent has been loaded dynamically (/Users/henry/.m2/repository/net/bytebuddy/byte-buddy-agent/1.14.12/byte-buddy-agent-1.14.12.jar)
WARNING: If a serviceability tool is in use, please run with -XX:+EnableDynamicAgentLoading to hide this warning
WARNING: If a serviceability tool is not in use, please run with -Djdk.instrument.traceUsage for more information
WARNING: Dynamic loading of agents will be disallowed by default in a future release
]]></system-err>
  </testcase>
</testsuite>